100
1675907795.577275
1675907795.578434
1675907795.578435
1675907795.579437
1675907795.579439
1675907795.580392
1675907795.580394
1675907795.581400
1675907795.581402
1675907795.582308
1675907795.582310
1675907795.583396
1675907795.583397
1675907795.584311
1675907795.584311
1675907795.585271
1675907795.585273
1675907795.586143
1675907795.586144
1675907795.587070
1675907795.587072
1675907795.587993
1675907795.587994
1675907795.588861
1675907795.588862
1675907795.589675
1675907795.589676
1675907795.590598
1675907795.590601
1675907795.591470
1675907795.591472
1675907795.592350
1675907795.592350
1675907795.593235
1675907795.593237
1675907795.594182
1675907795.594183
1675907795.595068
1675907795.595070
1675907795.596024
1675907795.596025
1675907795.597005
1675907795.597006
1675907795.597921
1675907795.597924
1675907795.598823
1675907795.598824
1675907795.599779
1675907795.599780
1675907795.600707
1675907795.600709
1675907795.601593
1675907795.601594
1675907795.602568
1675907795.602569
1675907795.603487
1675907795.603489
1675907795.604328
1675907795.604329
1675907795.605220
1675907795.605221
1675907795.606022
1675907795.606024
1675907795.606895
1675907795.606897
1675907795.607739
1675907795.607740
1675907795.608553
1675907795.608556
1675907795.609483
1675907795.609484
1675907795.610410
1675907795.610410
1675907795.611296
1675907795.611298
1675907795.612193
1675907795.612193
1675907795.613020
1675907795.613020
1675907795.613901
1675907795.613903
1675907795.614745
1675907795.614747
1675907795.615606
1675907795.615607
1675907795.616475
1675907795.616475
1675907795.617430
1675907795.617432
1675907795.618343
1675907795.618344
1675907795.619192
1675907795.619193
1675907795.620145
1675907795.620146
1675907795.621063
1675907795.621065
1675907795.621960
1675907795.621961
1675907795.622842
1675907795.622843
1675907795.623749
1675907795.623750
1675907795.624558
1675907795.624559
1675907795.625403
1675907795.625403
1675907795.626254
1675907795.626255
1675907795.627121
1675907795.627123
1675907795.628053
1675907795.628054
1675907795.628924
1675907795.628926
1675907795.629901
1675907795.629902
1675907795.630801
1675907795.630803
1675907795.631582
1675907795.631583
1675907795.632334
1675907795.632335
1675907795.633152
1675907795.633153
1675907795.633957
1675907795.633958
1675907795.634841
1675907795.634841
1675907795.635688
1675907795.635690
1675907795.636509
1675907795.636511
1675907795.637423
1675907795.637424
1675907795.638345
1675907795.638346
1675907795.639098
1675907795.639098
1675907795.639854
1675907795.639855
1675907795.640665
1675907795.640667
1675907795.641554
1675907795.641555
1675907795.642394
1675907795.642396
1675907795.643276
1675907795.643278
1675907795.644120
1675907795.644122
1675907795.645001
1675907795.645002
1675907795.645831
1675907795.645832
1675907795.646586
1675907795.646588
1675907795.647486
1675907795.647487
1675907795.648365
1675907795.648366
1675907795.649256
1675907795.649257
1675907795.650112
1675907795.650114
1675907795.650958
1675907795.650959
1675907795.651804
1675907795.651805
1675907795.652624
1675907795.652625
1675907795.653390
1675907795.653391
1675907795.654205
1675907795.654206
1675907795.655031
1675907795.655033
1675907795.655862
1675907795.655863
1675907795.656659
1675907795.656660
1675907795.657444
1675907795.657445
1675907795.658258
1675907795.658258
1675907795.659138
1675907795.659140
1675907795.659923
1675907795.659924
1675907795.660803
1675907795.660804
1675907795.661611
1675907795.661612
1675907795.662429
1675907795.662430
1675907795.663210
1675907795.663211
1675907795.664024
1675907795.664025
1675907795.664885
