==31844== Memcheck, a memory error detector
==31844== Copyright (C) 2002-2017, and GNU GPL'd, by Julian Seward et al.
==31844== Using Valgrind-3.18.1 and LibVEX; rerun with -h for copyright info
==31844== Command: ./server_num 1025
==31844== Parent PID: 19326
==31844== 
==31844== Conditional jump or move depends on uninitialised value(s)
==31844==    at 0x109D22: main (server_num.c:364)
==31844== 
==31844== Conditional jump or move depends on uninitialised value(s)
==31844==    at 0x48E9B56: __vfprintf_internal (vfprintf-internal.c:1516)
==31844==    by 0x48D381E: printf (printf.c:33)
==31844==    by 0x109E75: main (server_num.c:381)
==31844== 
==31844== Use of uninitialised value of size 8
==31844==    at 0x48CD33B: _itoa_word (_itoa.c:177)
==31844==    by 0x48E8B3D: __vfprintf_internal (vfprintf-internal.c:1516)
==31844==    by 0x48D381E: printf (printf.c:33)
==31844==    by 0x109E75: main (server_num.c:381)
==31844== 
==31844== Conditional jump or move depends on uninitialised value(s)
==31844==    at 0x48CD34C: _itoa_word (_itoa.c:177)
==31844==    by 0x48E8B3D: __vfprintf_internal (vfprintf-internal.c:1516)
==31844==    by 0x48D381E: printf (printf.c:33)
==31844==    by 0x109E75: main (server_num.c:381)
==31844== 
==31844== Conditional jump or move depends on uninitialised value(s)
==31844==    at 0x48E9643: __vfprintf_internal (vfprintf-internal.c:1516)
==31844==    by 0x48D381E: printf (printf.c:33)
==31844==    by 0x109E75: main (server_num.c:381)
==31844== 
==31844== Conditional jump or move depends on uninitialised value(s)
==31844==    at 0x48E8C85: __vfprintf_internal (vfprintf-internal.c:1516)
==31844==    by 0x48D381E: printf (printf.c:33)
==31844==    by 0x109E75: main (server_num.c:381)
==31844== 
==31844== Syscall param socketcall.sendto(msg) points to uninitialised byte(s)
==31844==    at 0x499AA60: send (send.c:28)
==31844==    by 0x109AFF: main (server_num.c:276)
==31844==  Address 0x4abe581 is 1 bytes inside a block of size 65,535 alloc'd
==31844==    at 0x4848899: malloc (in /usr/libexec/valgrind/vgpreload_memcheck-amd64-linux.so)
==31844==    by 0x109520: add (server_num.c:77)
==31844==    by 0x109A6A: main (server_num.c:251)
==31844== 
==31844== Invalid free() / delete / delete[] / realloc()
==31844==    at 0x484B27F: free (in /usr/libexec/valgrind/vgpreload_memcheck-amd64-linux.so)
==31844==    by 0x109470: dump (server_num.c:54)
==31844==    by 0x109C81: main (server_num.c:334)
==31844==  Address 0x4abe580 is 0 bytes inside a block of size 65,535 free'd
==31844==    at 0x484B27F: free (in /usr/libexec/valgrind/vgpreload_memcheck-amd64-linux.so)
==31844==    by 0x109460: dump (server_num.c:53)
==31844==    by 0x109C81: main (server_num.c:334)
==31844==  Block was alloc'd at
==31844==    at 0x4848899: malloc (in /usr/libexec/valgrind/vgpreload_memcheck-amd64-linux.so)
==31844==    by 0x109520: add (server_num.c:77)
==31844==    by 0x109A6A: main (server_num.c:251)
==31844== 
==31844== 
==31844== Process terminating with default action of signal 2 (SIGINT)
==31844==    at 0x498E74D: select (select.c:69)
==31844==    by 0x109931: main (server_num.c:207)
==31844== 
==31844== HEAP SUMMARY:
==31844==     in use at exit: 132,094 bytes in 3 blocks
==31844==   total heap usage: 5 allocs, 3 frees, 197,693 bytes allocated
==31844== 
==31844== 65,535 bytes in 1 blocks are definitely lost in loss record 3 of 3
==31844==    at 0x4848899: malloc (in /usr/libexec/valgrind/vgpreload_memcheck-amd64-linux.so)
==31844==    by 0x109505: add (server_num.c:76)
==31844==    by 0x109A6A: main (server_num.c:251)
==31844== 
==31844== LEAK SUMMARY:
==31844==    definitely lost: 65,535 bytes in 1 blocks
==31844==    indirectly lost: 0 bytes in 0 blocks
==31844==      possibly lost: 0 bytes in 0 blocks
==31844==    still reachable: 66,559 bytes in 2 blocks
==31844==         suppressed: 0 bytes in 0 blocks
==31844== Reachable blocks (those to which a pointer was found) are not shown.
==31844== To see them, rerun with: --leak-check=full --show-leak-kinds=all
==31844== 
==31844== Use --track-origins=yes to see where uninitialised values come from
==31844== For lists of detected and suppressed errors, rerun with: -s
==31844== ERROR SUMMARY: 122 errors from 9 contexts (suppressed: 0 from 0)
